This is pdfTeX, Version 3.141592653-2.6-1.40.24 (MiKTeX 22.8.28) (preloaded format=pdflatex 2022.10.3)  22 MAY 2023 17:52
entering extended mode
 restricted \write18 enabled.
 %&-line parsing enabled.
**./descriptivos-renca.tex
(descriptivos-renca.tex
LaTeX2e <2022-06-01> patch level 5
L3 programming layer <2022-08-30> (C:\Users\aigon\AppData\Local\Programs\MiKTeX
\tex/latex/base\article.cls
Document Class: article 2021/10/04 v1.4n Standard LaTeX document class
(C:\Users\aigon\AppData\Local\Programs\MiKTeX\tex/latex/base\size10.clo
File: size10.clo 2021/10/04 v1.4n Standard LaTeX file (size option)
)
\c@part=\count185
\c@section=\count186
\c@subsection=\count187
\c@subsubsection=\count188
\c@paragraph=\count189
\c@subparagraph=\count190
\c@figure=\count191
\c@table=\count192
\abovecaptionskip=\skip47
\belowcaptionskip=\skip48
\bibindent=\dimen138
) (C:\Users\aigon\AppData\Local\Programs\MiKTeX\tex/latex/amsmath\amsmath.sty
Package: amsmath 2022/04/08 v2.17n AMS math features
\@mathmargin=\skip49
For additional information on amsmath, use the `?' option.
(C:\Users\aigon\AppData\Local\Programs\MiKTeX\tex/latex/amsmath\amstext.sty
Package: amstext 2021/08/26 v2.01 AMS text
(C:\Users\aigon\AppData\Local\Programs\MiKTeX\tex/latex/amsmath\amsgen.sty
File: amsgen.sty 1999/11/30 v2.0 generic functions
\@emptytoks=\toks16
\ex@=\dimen139
)) (C:\Users\aigon\AppData\Local\Programs\MiKTeX\tex/latex/amsmath\amsbsy.sty
Package: amsbsy 1999/11/29 v1.2d Bold Symbols
\pmbraise@=\dimen140
) (C:\Users\aigon\AppData\Local\Programs\MiKTeX\tex/latex/amsmath\amsopn.sty
Package: amsopn 2022/04/08 v2.04 operator names
)
\inf@bad=\count193
LaTeX Info: Redefining \frac on input line 234.
\uproot@=\count194
\leftroot@=\count195
LaTeX Info: Redefining \overline on input line 399.
LaTeX Info: Redefining \colon on input line 410.
\classnum@=\count196
\DOTSCASE@=\count197
LaTeX Info: Redefining \ldots on input line 496.
LaTeX Info: Redefining \dots on input line 499.
LaTeX Info: Redefining \cdots on input line 620.
\Mathstrutbox@=\box51
\strutbox@=\box52
LaTeX Info: Redefining \big on input line 722.
LaTeX Info: Redefining \Big on input line 723.
LaTeX Info: Redefining \bigg on input line 724.
LaTeX Info: Redefining \Bigg on input line 725.
\big@size=\dimen141
LaTeX Font Info:    Redeclaring font encoding OML on input line 743.
LaTeX Font Info:    Redeclaring font encoding OMS on input line 744.
\macc@depth=\count198
LaTeX Info: Redefining \bmod on input line 905.
LaTeX Info: Redefining \pmod on input line 910.
LaTeX Info: Redefining \smash on input line 940.
LaTeX Info: Redefining \relbar on input line 970.
LaTeX Info: Redefining \Relbar on input line 971.
\c@MaxMatrixCols=\count199
\dotsspace@=\muskip16
\c@parentequation=\count266
\dspbrk@lvl=\count267
\tag@help=\toks17
\row@=\count268
\column@=\count269
\maxfields@=\count270
\andhelp@=\toks18
\eqnshift@=\dimen142
\alignsep@=\dimen143
\tagshift@=\dimen144
\tagwidth@=\dimen145
\totwidth@=\dimen146
\lineht@=\dimen147
\@envbody=\toks19
\multlinegap=\skip50
\multlinetaggap=\skip51
\mathdisplay@stack=\toks20
LaTeX Info: Redefining \[ on input line 2953.
LaTeX Info: Redefining \] on input line 2954.
) (C:\Users\aigon\AppData\Local\Programs\MiKTeX\tex/latex/amsfonts\amssymb.sty
Package: amssymb 2013/01/14 v3.01 AMS font symbols
(C:\Users\aigon\AppData\Local\Programs\MiKTeX\tex/latex/amsfonts\amsfonts.sty
Package: amsfonts 2013/01/14 v3.01 Basic AMSFonts support
\symAMSa=\mathgroup4
\symAMSb=\mathgroup5
LaTeX Font Info:    Redeclaring math symbol \hbar on input line 98.
LaTeX Font Info:    Overwriting math alphabet `\mathfrak' in version `bold'
(Font)                  U/euf/m/n --> U/euf/b/n on input line 106.
)) (C:\Users\aigon\AppData\Local\Programs\MiKTeX\tex/latex/lm\lmodern.sty
Package: lmodern 2015/05/01 v1.6.1 Latin Modern Fonts
LaTeX Font Info:    Overwriting symbol font `operators' in version `normal'
(Font)                  OT1/cmr/m/n --> OT1/lmr/m/n on input line 22.
LaTeX Font Info:    Overwriting symbol font `letters' in version `normal'
(Font)                  OML/cmm/m/it --> OML/lmm/m/it on input line 23.
LaTeX Font Info:    Overwriting symbol font `symbols' in version `normal'
(Font)                  OMS/cmsy/m/n --> OMS/lmsy/m/n on input line 24.
LaTeX Font Info:    Overwriting symbol font `largesymbols' in version `normal'
(Font)                  OMX/cmex/m/n --> OMX/lmex/m/n on input line 25.
LaTeX Font Info:    Overwriting symbol font `operators' in version `bold'
(Font)                  OT1/cmr/bx/n --> OT1/lmr/bx/n on input line 26.
LaTeX Font Info:    Overwriting symbol font `letters' in version `bold'
(Font)                  OML/cmm/b/it --> OML/lmm/b/it on input line 27.
LaTeX Font Info:    Overwriting symbol font `symbols' in version `bold'
(Font)                  OMS/cmsy/b/n --> OMS/lmsy/b/n on input line 28.
LaTeX Font Info:    Overwriting symbol font `largesymbols' in version `bold'
(Font)                  OMX/cmex/m/n --> OMX/lmex/m/n on input line 29.
LaTeX Font Info:    Overwriting math alphabet `\mathbf' in version `normal'
(Font)                  OT1/cmr/bx/n --> OT1/lmr/bx/n on input line 31.
LaTeX Font Info:    Overwriting math alphabet `\mathsf' in version `normal'
(Font)                  OT1/cmss/m/n --> OT1/lmss/m/n on input line 32.
LaTeX Font Info:    Overwriting math alphabet `\mathit' in version `normal'
(Font)                  OT1/cmr/m/it --> OT1/lmr/m/it on input line 33.
LaTeX Font Info:    Overwriting math alphabet `\mathtt' in version `normal'
(Font)                  OT1/cmtt/m/n --> OT1/lmtt/m/n on input line 34.
LaTeX Font Info:    Overwriting math alphabet `\mathbf' in version `bold'
(Font)                  OT1/cmr/bx/n --> OT1/lmr/bx/n on input line 35.
LaTeX Font Info:    Overwriting math alphabet `\mathsf' in version `bold'
(Font)                  OT1/cmss/bx/n --> OT1/lmss/bx/n on input line 36.
LaTeX Font Info:    Overwriting math alphabet `\mathit' in version `bold'
(Font)                  OT1/cmr/bx/it --> OT1/lmr/bx/it on input line 37.
LaTeX Font Info:    Overwriting math alphabet `\mathtt' in version `bold'
(Font)                  OT1/cmtt/m/n --> OT1/lmtt/m/n on input line 38.
) (C:\Users\aigon\AppData\Local\Programs\MiKTeX\tex/generic/iftex\iftex.sty
Package: iftex 2022/02/03 v1.0f TeX engine tests
) (C:\Users\aigon\AppData\Local\Programs\MiKTeX\tex/latex/base\fontenc.sty
Package: fontenc 2021/04/29 v2.0v Standard LaTeX package
LaTeX Font Info:    Trying to load font information for T1+lmr on input line 11
2.
(C:\Users\aigon\AppData\Local\Programs\MiKTeX\tex/latex/lm\t1lmr.fd
File: t1lmr.fd 2015/05/01 v1.6.1 Font defs for Latin Modern
)) (C:\Users\aigon\AppData\Local\Programs\MiKTeX\tex/latex/base\inputenc.sty
Package: inputenc 2021/02/14 v1.3d Input encoding file
\inpenc@prehook=\toks21
\inpenc@posthook=\toks22
) (C:\Users\aigon\AppData\Local\Programs\MiKTeX\tex/latex/base\textcomp.sty
Package: textcomp 2020/02/02 v2.0n Standard LaTeX package
) (C:\Users\aigon\AppData\Local\Programs\MiKTeX\tex/latex/upquote\upquote.sty
Package: upquote 2012/04/19 v1.3 upright-quote and grave-accent glyphs in verba
tim
)
(C:\Users\aigon\AppData\Local\Programs\MiKTeX\tex/latex/microtype\microtype.sty
Package: microtype 2022/06/23 v3.0f Micro-typographical refinements (RS)
(C:\Users\aigon\AppData\Local\Programs\MiKTeX\tex/latex/graphics\keyval.sty
Package: keyval 2022/05/29 v1.15 key=value parser (DPC)
\KV@toks@=\toks23
) (C:\Users\aigon\AppData\Local\Programs\MiKTeX\tex/latex/etoolbox\etoolbox.sty
Package: etoolbox 2020/10/05 v2.5k e-TeX tools for LaTeX (JAW)
\etb@tempcnta=\count271
)
\MT@toks=\toks24
\MT@tempbox=\box53
\MT@count=\count272
LaTeX Info: Redefining \noprotrusionifhmode on input line 1045.
LaTeX Info: Redefining \leftprotrusion on input line 1046.
LaTeX Info: Redefining \rightprotrusion on input line 1056.
LaTeX Info: Redefining \textls on input line 1234.
\MT@outer@kern=\dimen148
LaTeX Info: Redefining \textmicrotypecontext on input line 1858.
\MT@listname@count=\count273

(C:\Users\aigon\AppData\Local\Programs\MiKTeX\tex/latex/microtype\microtype-pdf
tex.def
File: microtype-pdftex.def 2022/06/23 v3.0f Definitions specific to pdftex (RS)

LaTeX Info: Redefining \lsstyle on input line 900.
LaTeX Info: Redefining \lslig on input line 900.
\MT@outer@space=\skip52
)
Package microtype Info: Loading configuration file microtype.cfg.

(C:\Users\aigon\AppData\Local\Programs\MiKTeX\tex/latex/microtype\microtype.cfg
File: microtype.cfg 2022/06/23 v3.0f microtype main configuration file (RS)
)) (C:\Users\aigon\AppData\Local\Programs\MiKTeX\tex/latex/parskip\parskip.sty
Package: parskip 2021-03-14 v2.0h non-zero parskip adjustments

(C:\Users\aigon\AppData\Local\Programs\MiKTeX\tex/latex/kvoptions\kvoptions.sty
Package: kvoptions 2022-06-15 v3.15 Key value format for package options (HO)
(C:\Users\aigon\AppData\Local\Programs\MiKTeX\tex/generic/ltxcmds\ltxcmds.sty
Package: ltxcmds 2020-05-10 v1.25 LaTeX kernel commands for general use (HO)
)
(C:\Users\aigon\AppData\Local\Programs\MiKTeX\tex/generic/kvsetkeys\kvsetkeys.s
ty
Package: kvsetkeys 2019/12/15 v1.18 Key value parser (HO)
))) (C:\Users\aigon\AppData\Local\Programs\MiKTeX\tex/latex/xcolor\xcolor.sty
Package: xcolor 2022/06/12 v2.14 LaTeX color extensions (UK)
(C:\Users\aigon\AppData\Local\Programs\MiKTeX\tex/latex/graphics-cfg\color.cfg
File: color.cfg 2016/01/02 v1.6 sample color configuration
)
Package xcolor Info: Driver file: pdftex.def on input line 227.

(C:\Users\aigon\AppData\Local\Programs\MiKTeX\tex/latex/graphics-def\pdftex.def
File: pdftex.def 2020/10/05 v1.2a Graphics/color driver for pdftex
)
(C:\Users\aigon\AppData\Local\Programs\MiKTeX\tex/latex-dev/graphics\mathcolor.
ltx)
Package xcolor Info: Model `cmy' substituted by `cmy0' on input line 1353.
Package xcolor Info: Model `hsb' substituted by `rgb' on input line 1357.
Package xcolor Info: Model `RGB' extended on input line 1369.
Package xcolor Info: Model `HTML' substituted by `rgb' on input line 1371.
Package xcolor Info: Model `Hsb' substituted by `hsb' on input line 1372.
Package xcolor Info: Model `tHsb' substituted by `hsb' on input line 1373.
Package xcolor Info: Model `HSB' substituted by `hsb' on input line 1374.
Package xcolor Info: Model `Gray' substituted by `gray' on input line 1375.
Package xcolor Info: Model `wave' substituted by `hsb' on input line 1376.
) (C:\Users\aigon\AppData\Local\Programs\MiKTeX\tex/latex/geometry\geometry.sty
Package: geometry 2020/01/02 v5.9 Page Geometry
(C:\Users\aigon\AppData\Local\Programs\MiKTeX\tex/generic/iftex\ifvtex.sty
Package: ifvtex 2019/10/25 v1.7 ifvtex legacy package. Use iftex instead.
)
\Gm@cnth=\count274
\Gm@cntv=\count275
\c@Gm@tempcnt=\count276
\Gm@bindingoffset=\dimen149
\Gm@wd@mp=\dimen150
\Gm@odd@mp=\dimen151
\Gm@even@mp=\dimen152
\Gm@layoutwidth=\dimen153
\Gm@layoutheight=\dimen154
\Gm@layouthoffset=\dimen155
\Gm@layoutvoffset=\dimen156
\Gm@dimlist=\toks25
(C:\Users\aigon\AppData\Local\Programs\MiKTeX\tex/latex/geometry\geometry.cfg))
(C:\Users\aigon\AppData\Local\Programs\MiKTeX\tex/latex/graphics\graphicx.sty
Package: graphicx 2021/09/16 v1.2d Enhanced LaTeX Graphics (DPC,SPQR)
(C:\Users\aigon\AppData\Local\Programs\MiKTeX\tex/latex/graphics\graphics.sty
Package: graphics 2022/03/10 v1.4e Standard LaTeX Graphics (DPC,SPQR)
(C:\Users\aigon\AppData\Local\Programs\MiKTeX\tex/latex/graphics\trig.sty
Package: trig 2021/08/11 v1.11 sin cos tan (DPC)
)
(C:\Users\aigon\AppData\Local\Programs\MiKTeX\tex/latex/graphics-cfg\graphics.c
fg
File: graphics.cfg 2016/06/04 v1.11 sample graphics configuration
)
Package graphics Info: Driver file: pdftex.def on input line 107.
)
\Gin@req@height=\dimen157
\Gin@req@width=\dimen158
) (C:\Users\aigon\AppData\Local\Programs\MiKTeX\tex/latex/floatrow\floatrow.sty
Package: floatrow 2008/08/02 v0.3b floatrow: float package extension
(C:\Users\aigon\AppData\Local\Programs\MiKTeX\tex/latex/caption\caption3.sty
Package: caption3 2022/03/17 v2.3b caption3 kernel (AR)
\caption@tempdima=\dimen159
\captionmargin=\dimen160
\caption@leftmargin=\dimen161
\caption@rightmargin=\dimen162
\caption@width=\dimen163
\caption@indent=\dimen164
\caption@parindent=\dimen165
\caption@hangindent=\dimen166
Package caption Info: Standard document class detected.
)
\c@float@type=\count277
\float@exts=\toks26
\float@box=\box54
\@floatcapt=\box55
Package floatrow Info: Modified float package code loaded on input line 455.
Package floatrow Info: Modified rotfloat package code loaded on input line 473.

\FR@everyfloat=\toks27
\flrow@foot=\insert252
\FB@wd=\dimen167
\FBo@wd=\dimen168
\FBc@wd=\dimen169
\FBo@ht=\skip53
\FBc@ht=\skip54
\FBf@ht=\skip55
\FBo@max=\skip56
\FBc@max=\skip57
\FBf@max=\skip58
\c@FBl@b=\count278
\floatbox@depth=\count279
\c@FRobj=\count280
\c@FRsobj=\count281
\Xhsize=\skip59
\sXhsize=\skip60
\Zhsize=\skip61
\sZhsize=\skip62
\flrow@rowbox=\box56
\FR@Zunitlength=\dimen170
\c@FBcnt=\count282
\FPOScnt=\count283
\LTleft=\skip63
\LTright=\skip64
\LTleft=\skip65
\LTright=\skip66
\flrow@types=\toks28
) (C:\Users\aigon\AppData\Local\Programs\MiKTeX\tex/latex/titling\titling.sty
Package: titling 2009/09/04 v2.1d maketitle typesetting
\thanksmarkwidth=\skip67
\thanksmargin=\skip68
\droptitle=\skip69
) (C:\Users\aigon\AppData\Local\Programs\MiKTeX\tex/latex/bookmark\bookmark.sty
Package: bookmark 2020-11-06 v1.29 PDF bookmarks (HO)
(C:\Users\aigon\AppData\Local\Programs\MiKTeX\tex/latex/hyperref\hyperref.sty
Package: hyperref 2022-09-22 v7.00t Hypertext links for LaTeX

(C:\Users\aigon\AppData\Local\Programs\MiKTeX\tex/generic/pdftexcmds\pdftexcmds
.sty
Package: pdftexcmds 2020-06-27 v0.33 Utility functions of pdfTeX for LuaTeX (HO
)

(C:\Users\aigon\AppData\Local\Programs\MiKTeX\tex/generic/infwarerr\infwarerr.s
ty
Package: infwarerr 2019/12/03 v1.5 Providing info/warning/error messages (HO)
)
Package pdftexcmds Info: \pdf@primitive is available.
Package pdftexcmds Info: \pdf@ifprimitive is available.
Package pdftexcmds Info: \pdfdraftmode found.
)
(C:\Users\aigon\AppData\Local\Programs\MiKTeX\tex/generic/kvdefinekeys\kvdefine
keys.sty
Package: kvdefinekeys 2019-12-19 v1.6 Define keys (HO)
)
(C:\Users\aigon\AppData\Local\Programs\MiKTeX\tex/generic/pdfescape\pdfescape.s
ty
Package: pdfescape 2019/12/09 v1.15 Implements pdfTeX's escape features (HO)
) (C:\Users\aigon\AppData\Local\Programs\MiKTeX\tex/latex/hycolor\hycolor.sty
Package: hycolor 2020-01-27 v1.10 Color options for hyperref/bookmark (HO)
)
(C:\Users\aigon\AppData\Local\Programs\MiKTeX\tex/latex/letltxmacro\letltxmacro
.sty
Package: letltxmacro 2019/12/03 v1.6 Let assignment for LaTeX macros (HO)
) (C:\Users\aigon\AppData\Local\Programs\MiKTeX\tex/latex/auxhook\auxhook.sty
Package: auxhook 2019-12-17 v1.6 Hooks for auxiliary files (HO)
) (C:\Users\aigon\AppData\Local\Programs\MiKTeX\tex/latex/hyperref\nameref.sty
Package: nameref 2022-05-17 v2.50 Cross-referencing by name of section
(C:\Users\aigon\AppData\Local\Programs\MiKTeX\tex/latex/refcount\refcount.sty
Package: refcount 2019/12/15 v3.6 Data extraction from label references (HO)
)
(C:\Users\aigon\AppData\Local\Programs\MiKTeX\tex/generic/gettitlestring\gettit
lestring.sty
Package: gettitlestring 2019/12/15 v1.6 Cleanup title references (HO)
)
\c@section@level=\count284
)
\@linkdim=\dimen171
\Hy@linkcounter=\count285
\Hy@pagecounter=\count286
(C:\Users\aigon\AppData\Local\Programs\MiKTeX\tex/latex/hyperref\pd1enc.def
File: pd1enc.def 2022-09-22 v7.00t Hyperref: PDFDocEncoding definition (HO)
Now handling font encoding PD1 ...
... no UTF-8 mapping file for font encoding PD1
) (C:\Users\aigon\AppData\Local\Programs\MiKTeX\tex/generic/intcalc\intcalc.sty
Package: intcalc 2019/12/15 v1.3 Expandable calculations with integers (HO)
)
(C:\Users\aigon\AppData\Local\Programs\MiKTeX\tex/generic/etexcmds\etexcmds.sty
Package: etexcmds 2019/12/15 v1.7 Avoid name clashes with e-TeX commands (HO)
)
\Hy@SavedSpaceFactor=\count287
(C:\Users\aigon\AppData\Local\Programs\MiKTeX\tex/latex/hyperref\puenc.def
File: puenc.def 2022-09-22 v7.00t Hyperref: PDF Unicode definition (HO)
Now handling font encoding PU ...
... no UTF-8 mapping file for font encoding PU
)
Package hyperref Info: Option `unicode' set `true' on input line 4045.
Package hyperref Info: Hyper figures OFF on input line 4162.
Package hyperref Info: Link nesting OFF on input line 4167.
Package hyperref Info: Hyper index ON on input line 4170.
Package hyperref Info: Plain pages OFF on input line 4177.
Package hyperref Info: Backreferencing OFF on input line 4182.
Package hyperref Info: Implicit mode ON; LaTeX internals redefined.
\stockwidth=\dimen172
\stockheight=\dimen173
Package hyperref Info: Bookmarks ON on input line 4410.
\c@Hy@tempcnt=\count288
(C:\Users\aigon\AppData\Local\Programs\MiKTeX\tex/latex/url\url.sty
\Urlmuskip=\muskip17
Package: url 2013/09/16  ver 3.4  Verb mode for urls, etc.
)
LaTeX Info: Redefining \url on input line 4748.
\XeTeXLinkMargin=\dimen174
(C:\Users\aigon\AppData\Local\Programs\MiKTeX\tex/generic/bitset\bitset.sty
Package: bitset 2019/12/09 v1.3 Handle bit-vector datatype (HO)

(C:\Users\aigon\AppData\Local\Programs\MiKTeX\tex/generic/bigintcalc\bigintcalc
.sty
Package: bigintcalc 2019/12/15 v1.5 Expandable calculations on big integers (HO
)
))
\Fld@menulength=\count289
\Field@Width=\dimen175
\Fld@charsize=\dimen176
Package hyperref Info: Hyper figures OFF on input line 6027.
Package hyperref Info: Link nesting OFF on input line 6032.
Package hyperref Info: Hyper index ON on input line 6035.
Package hyperref Info: backreferencing OFF on input line 6042.
Package hyperref Info: Link coloring OFF on input line 6047.
Package hyperref Info: Link coloring with OCG OFF on input line 6052.
Package hyperref Info: PDF/A mode OFF on input line 6057.
(C:\Users\aigon\AppData\Local\Programs\MiKTeX\tex/latex/base\atbegshi-ltx.sty
Package: atbegshi-ltx 2021/01/10 v1.0c Emulation of the original atbegshi
package with kernel methods
)
\Hy@abspage=\count290
\c@Item=\count291
\c@Hfootnote=\count292
)
Package hyperref Info: Driver (autodetected): hpdftex.
(C:\Users\aigon\AppData\Local\Programs\MiKTeX\tex/latex/hyperref\hpdftex.def
File: hpdftex.def 2022-09-22 v7.00t Hyperref driver for pdfTeX
(C:\Users\aigon\AppData\Local\Programs\MiKTeX\tex/latex/base\atveryend-ltx.sty
Package: atveryend-ltx 2020/08/19 v1.0a Emulation of the original atveryend pac
kage
with kernel methods
)
\Fld@listcount=\count293
\c@bookmark@seq@number=\count294

(C:\Users\aigon\AppData\Local\Programs\MiKTeX\tex/latex/rerunfilecheck\rerunfil
echeck.sty
Package: rerunfilecheck 2022-07-10 v1.10 Rerun checks for auxiliary files (HO)

(C:\Users\aigon\AppData\Local\Programs\MiKTeX\tex/generic/uniquecounter\uniquec
ounter.sty
Package: uniquecounter 2019/12/15 v1.4 Provide unlimited unique counter (HO)
)
Package uniquecounter Info: New unique counter `rerunfilecheck' on input line 2
85.
)
\Hy@SectionHShift=\skip70
)
(C:\Users\aigon\AppData\Local\Programs\MiKTeX\tex/latex/bookmark\bkm-pdftex.def
File: bkm-pdftex.def 2020-11-06 v1.29 bookmark driver for pdfTeX (HO)
\BKM@id=\count295
)) (C:\Users\aigon\AppData\Local\Programs\MiKTeX\tex/latex/xurl\xurl.sty
Package: xurl 2022/01/09 v 0.10 modify URL breaks
)
(C:\Users\aigon\AppData\Local\Programs\MiKTeX\tex/latex/l3backend\l3backend-pdf
tex.def
File: l3backend-pdftex.def 2022-08-30 L3 backend support: PDF output (pdfTeX)
\l__color_backend_stack_int=\count296
\l__pdf_internal_box=\box57
) (descriptivos-renca.aux

LaTeX Warning: Label `fig:arraigo' multiply defined.


LaTeX Warning: Label `fig:fortalezas' multiply defined.

)
\openout1 = `descriptivos-renca.aux'.

LaTeX Font Info:    Checking defaults for OML/cmm/m/it on input line 82.
LaTeX Font Info:    ... okay on input line 82.
LaTeX Font Info:    Checking defaults for OMS/cmsy/m/n on input line 82.
LaTeX Font Info:    ... okay on input line 82.
LaTeX Font Info:    Checking defaults for OT1/cmr/m/n on input line 82.
LaTeX Font Info:    ... okay on input line 82.
LaTeX Font Info:    Checking defaults for T1/cmr/m/n on input line 82.
LaTeX Font Info:    ... okay on input line 82.
LaTeX Font Info:    Checking defaults for TS1/cmr/m/n on input line 82.
LaTeX Font Info:    ... okay on input line 82.
LaTeX Font Info:    Checking defaults for OMX/cmex/m/n on input line 82.
LaTeX Font Info:    ... okay on input line 82.
LaTeX Font Info:    Checking defaults for U/cmr/m/n on input line 82.
LaTeX Font Info:    ... okay on input line 82.
LaTeX Font Info:    Checking defaults for PD1/pdf/m/n on input line 82.
LaTeX Font Info:    ... okay on input line 82.
LaTeX Font Info:    Checking defaults for PU/pdf/m/n on input line 82.
LaTeX Font Info:    ... okay on input line 82.
LaTeX Info: Redefining \microtypecontext on input line 82.
Package microtype Info: Applying patch `item' on input line 82.
Package microtype Info: Applying patch `toc' on input line 82.
Package microtype Info: Applying patch `eqnum' on input line 82.
Package microtype Info: Applying patch `footnote' on input line 82.
Package microtype Info: Generating PDF output.
Package microtype Info: Character protrusion enabled (level 2).
Package microtype Info: Using protrusion set `basicmath'.
Package microtype Info: Automatic font expansion enabled (level 2),
(microtype)             stretch: 20, shrink: 20, step: 1, non-selected.
Package microtype Info: Using default expansion set `alltext-nott'.
LaTeX Info: Redefining \showhyphens on input line 82.
Package microtype Info: No adjustment of tracking.
Package microtype Info: No adjustment of interword spacing.
Package microtype Info: No adjustment of character kerning.
(C:\Users\aigon\AppData\Local\Programs\MiKTeX\tex/latex/microtype\mt-cmr.cfg
File: mt-cmr.cfg 2013/05/19 v2.2 microtype config. file: Computer Modern Roman 
(RS)
)
(C:\Users\aigon\AppData\Local\Programs\MiKTeX\tex/context/base/mkii\supp-pdf.mk
ii
[Loading MPS to PDF converter (version 2006.09.02).]
\scratchcounter=\count297
\scratchdimen=\dimen177
\scratchbox=\box58
\nofMPsegments=\count298
\nofMParguments=\count299
\everyMPshowfont=\toks29
\MPscratchCnt=\count300
\MPscratchDim=\dimen178
\MPnumerator=\count301
\makeMPintoPDFobject=\count302
\everyMPtoPDFconversion=\toks30
)
(C:\Users\aigon\AppData\Local\Programs\MiKTeX\tex/latex/epstopdf-pkg\epstopdf-b
ase.sty
Package: epstopdf-base 2020-01-24 v2.11 Base part for package epstopdf
Package epstopdf-base Info: Redefining graphics rule for `.eps' on input line 4
85.

(C:\Users\aigon\AppData\Local\Programs\MiKTeX\tex/latex/00miktex\epstopdf-sys.c
fg
File: epstopdf-sys.cfg 2021/03/18 v2.0 Configuration of epstopdf for MiKTeX
))
*geometry* driver: auto-detecting
*geometry* detected driver: pdftex
*geometry* verbose mode - [ preamble ] result:
* driver: pdftex
* paper: <default>
* layout: <same size as paper>
* layoutoffset:(h,v)=(0.0pt,0.0pt)
* modes: 
* h-part:(L,W,R)=(72.26999pt, 469.75502pt, 72.26999pt)
* v-part:(T,H,B)=(72.26999pt, 650.43001pt, 72.26999pt)
* \paperwidth=614.295pt
* \paperheight=794.96999pt
* \textwidth=469.75502pt
* \textheight=650.43001pt
* \oddsidemargin=0.0pt
* \evensidemargin=0.0pt
* \topmargin=-37.0pt
* \headheight=12.0pt
* \headsep=25.0pt
* \topskip=10.0pt
* \footskip=30.0pt
* \marginparwidth=65.0pt
* \marginparsep=11.0pt
* \columnsep=10.0pt
* \skip\footins=9.0pt plus 4.0pt minus 2.0pt
* \hoffset=0.0pt
* \voffset=0.0pt
* \mag=1000
* \@twocolumnfalse
* \@twosidefalse
* \@mparswitchfalse
* \@reversemarginfalse
* (1in=72.27pt=25.4mm, 1cm=28.453pt)

Package caption Info: Begin \AtBeginDocument code.
Package caption Info: End \AtBeginDocument code.
Package hyperref Info: Link coloring OFF on input line 82.
<C:/Users/aigon/OneDrive/Documentos/GitHub/cohesion-renca/input/logos/COES_Logo
_azul.jpg, id=3, 1438.37375pt x 803.0pt>
File: C:/Users/aigon/OneDrive/Documentos/GitHub/cohesion-renca/input/logos/COES
_Logo_azul.jpg Graphic file (type jpg)
<use C:/Users/aigon/OneDrive/Documentos/GitHub/cohesion-renca/input/logos/COES_
Logo_azul.jpg>
Package pdftex.def Info: C:/Users/aigon/OneDrive/Documentos/GitHub/cohesion-ren
ca/input/logos/COES_Logo_azul.jpg  used on input line 84.
(pdftex.def)             Requested size: 289.07431pt x 161.38133pt.
<C:/Users/aigon/OneDrive/Documentos/GitHub/cohesion-renca/input/logos/renca.png
, id=4, 853.7496pt x 398.6895pt>
File: C:/Users/aigon/OneDrive/Documentos/GitHub/cohesion-renca/input/logos/renc
a.png Graphic file (type png)
<use C:/Users/aigon/OneDrive/Documentos/GitHub/cohesion-renca/input/logos/renca
.png>
Package pdftex.def Info: C:/Users/aigon/OneDrive/Documentos/GitHub/cohesion-ren
ca/input/logos/renca.png  used on input line 84.
(pdftex.def)             Requested size: 289.08556pt x 134.99902pt.
LaTeX Font Info:    Trying to load font information for OT1+lmr on input line 8
4.
(C:\Users\aigon\AppData\Local\Programs\MiKTeX\tex/latex/lm\ot1lmr.fd
File: ot1lmr.fd 2015/05/01 v1.6.1 Font defs for Latin Modern
)
LaTeX Font Info:    Trying to load font information for OML+lmm on input line 8
4.
(C:\Users\aigon\AppData\Local\Programs\MiKTeX\tex/latex/lm\omllmm.fd
File: omllmm.fd 2015/05/01 v1.6.1 Font defs for Latin Modern
)
LaTeX Font Info:    Trying to load font information for OMS+lmsy on input line 
84.
(C:\Users\aigon\AppData\Local\Programs\MiKTeX\tex/latex/lm\omslmsy.fd
File: omslmsy.fd 2015/05/01 v1.6.1 Font defs for Latin Modern
)
LaTeX Font Info:    Trying to load font information for OMX+lmex on input line 
84.
(C:\Users\aigon\AppData\Local\Programs\MiKTeX\tex/latex/lm\omxlmex.fd
File: omxlmex.fd 2015/05/01 v1.6.1 Font defs for Latin Modern
)
LaTeX Font Info:    External font `lmex10' loaded for size
(Font)              <12> on input line 84.
LaTeX Font Info:    External font `lmex10' loaded for size
(Font)              <8> on input line 84.
LaTeX Font Info:    External font `lmex10' loaded for size
(Font)              <6> on input line 84.
LaTeX Font Info:    Trying to load font information for U+msa on input line 84.

(C:\Users\aigon\AppData\Local\Programs\MiKTeX\tex/latex/amsfonts\umsa.fd
File: umsa.fd 2013/01/14 v3.01 AMS symbols A
) (C:\Users\aigon\AppData\Local\Programs\MiKTeX\tex/latex/microtype\mt-msa.cfg
File: mt-msa.cfg 2006/02/04 v1.1 microtype config. file: AMS symbols (a) (RS)
)
LaTeX Font Info:    Trying to load font information for U+msb on input line 84.

(C:\Users\aigon\AppData\Local\Programs\MiKTeX\tex/latex/amsfonts\umsb.fd
File: umsb.fd 2013/01/14 v3.01 AMS symbols B
) (C:\Users\aigon\AppData\Local\Programs\MiKTeX\tex/latex/microtype\mt-msb.cfg
File: mt-msb.cfg 2005/06/01 v1.0 microtype config. file: AMS symbols (b) (RS)
) [1

{C:/Users/aigon/AppData/Local/MiKTeX/fonts/map/pdftex/pdftex.map} <C:/Users/aig
on/OneDrive/Documentos/GitHub/cohesion-renca/input/logos/COES_Logo_azul.jpg> <C
:/Users/aigon/OneDrive/Documentos/GitHub/cohesion-renca/input/logos/renca.png>]
(descriptivos-renca.toc
LaTeX Font Info:    External font `lmex10' loaded for size
(Font)              <10> on input line 2.
LaTeX Font Info:    External font `lmex10' loaded for size
(Font)              <7> on input line 2.
LaTeX Font Info:    External font `lmex10' loaded for size
(Font)              <5> on input line 2.
)
\tf@toc=\write3
\openout3 = `descriptivos-renca.toc'.

[2]
LaTeX Font Info:    Trying to load font information for T1+lmtt on input line 9
1.
(C:\Users\aigon\AppData\Local\Programs\MiKTeX\tex/latex/lm\t1lmtt.fd
File: t1lmtt.fd 2015/05/01 v1.6.1 Font defs for Latin Modern
)
LaTeX Font Info:    Trying to load font information for TS1+lmr on input line 1
02.
(C:\Users\aigon\AppData\Local\Programs\MiKTeX\tex/latex/lm\ts1lmr.fd
File: ts1lmr.fd 2015/05/01 v1.6.1 Font defs for Latin Modern
) [3]
<descriptivos-renca_files/figure-latex/apego-barrial-1.pdf, id=102, 722.7pt x 5
78.16pt>
File: descriptivos-renca_files/figure-latex/apego-barrial-1.pdf Graphic file (t
ype pdf)
<use descriptivos-renca_files/figure-latex/apego-barrial-1.pdf>
Package pdftex.def Info: descriptivos-renca_files/figure-latex/apego-barrial-1.
pdf  used on input line 170.
(pdftex.def)             Requested size: 469.76045pt x 375.80836pt.
[4 <./descriptivos-renca_files/figure-latex/apego-barrial-1.pdf>]
<descriptivos-renca_files/figure-latex/apego-barrial-elsoc-1.pdf, id=117, 722.7
pt x 578.16pt>
File: descriptivos-renca_files/figure-latex/apego-barrial-elsoc-1.pdf Graphic f
ile (type pdf)
<use descriptivos-renca_files/figure-latex/apego-barrial-elsoc-1.pdf>
Package pdftex.def Info: descriptivos-renca_files/figure-latex/apego-barrial-el
soc-1.pdf  used on input line 188.
(pdftex.def)             Requested size: 469.76045pt x 375.80836pt.
[5 <./descriptivos-renca_files/figure-latex/apego-barrial-elsoc-1.pdf>]
<descriptivos-renca_files/figure-latex/soci-barrial-1.pdf, id=128, 722.7pt x 57
8.16pt>
File: descriptivos-renca_files/figure-latex/soci-barrial-1.pdf Graphic file (ty
pe pdf)
<use descriptivos-renca_files/figure-latex/soci-barrial-1.pdf>
Package pdftex.def Info: descriptivos-renca_files/figure-latex/soci-barrial-1.p
df  used on input line 212.
(pdftex.def)             Requested size: 469.76045pt x 375.80836pt.
<descriptivos-renca_files/figure-latex/soci-barrial2-1.pdf, id=129, 722.7pt x 5
78.16pt>
File: descriptivos-renca_files/figure-latex/soci-barrial2-1.pdf Graphic file (t
ype pdf)
<use descriptivos-renca_files/figure-latex/soci-barrial2-1.pdf>
Package pdftex.def Info: descriptivos-renca_files/figure-latex/soci-barrial2-1.
pdf  used on input line 227.
(pdftex.def)             Requested size: 469.76045pt x 375.80836pt.
<descriptivos-renca_files/figure-latex/amigos-barrio-1.pdf, id=130, 722.7pt x 5
78.16pt>
File: descriptivos-renca_files/figure-latex/amigos-barrio-1.pdf Graphic file (t
ype pdf)
<use descriptivos-renca_files/figure-latex/amigos-barrio-1.pdf>
Package pdftex.def Info: descriptivos-renca_files/figure-latex/amigos-barrio-1.
pdf  used on input line 234.
(pdftex.def)             Requested size: 469.76045pt x 375.80836pt.
[6 <./descriptivos-renca_files/figure-latex/soci-barrial-1.pdf>] [7 <./descript
ivos-renca_files/figure-latex/soci-barrial2-1.pdf>] [8 <./descriptivos-renca_fi
les/figure-latex/amigos-barrio-1.pdf>]
<descriptivos-renca_files/figure-latex/apoyo-social-1.pdf, id=166, 722.7pt x 57
8.16pt>
File: descriptivos-renca_files/figure-latex/apoyo-social-1.pdf Graphic file (ty
pe pdf)
<use descriptivos-renca_files/figure-latex/apoyo-social-1.pdf>
Package pdftex.def Info: descriptivos-renca_files/figure-latex/apoyo-social-1.p
df  used on input line 256.
(pdftex.def)             Requested size: 469.76045pt x 375.80836pt.
<descriptivos-renca_files/figure-latex/cant-visit-1.pdf, id=168, 722.7pt x 578.
16pt>
File: descriptivos-renca_files/figure-latex/cant-visit-1.pdf Graphic file (type
 pdf)
<use descriptivos-renca_files/figure-latex/cant-visit-1.pdf>
Package pdftex.def Info: descriptivos-renca_files/figure-latex/cant-visit-1.pdf
  used on input line 274.
(pdftex.def)             Requested size: 469.76045pt x 375.80836pt.
[9 <./descriptivos-renca_files/figure-latex/apoyo-social-1.pdf>] [10 <./descrip
tivos-renca_files/figure-latex/cant-visit-1.pdf>]
<descriptivos-renca_files/figure-latex/conf-vecinal-1.pdf, id=192, 722.7pt x 57
8.16pt>
File: descriptivos-renca_files/figure-latex/conf-vecinal-1.pdf Graphic file (ty
pe pdf)
<use descriptivos-renca_files/figure-latex/conf-vecinal-1.pdf>
Package pdftex.def Info: descriptivos-renca_files/figure-latex/conf-vecinal-1.p
df  used on input line 295.
(pdftex.def)             Requested size: 469.76045pt x 375.80836pt.
<descriptivos-renca_files/figure-latex/conf-auto-1.pdf, id=194, 722.7pt x 578.1
6pt>
File: descriptivos-renca_files/figure-latex/conf-auto-1.pdf Graphic file (type 
pdf)
<use descriptivos-renca_files/figure-latex/conf-auto-1.pdf>
Package pdftex.def Info: descriptivos-renca_files/figure-latex/conf-auto-1.pdf 
 used on input line 321.
(pdftex.def)             Requested size: 469.76045pt x 375.80836pt.
[11 <./descriptivos-renca_files/figure-latex/conf-vecinal-1.pdf>] [12 <./descri
ptivos-renca_files/figure-latex/conf-auto-1.pdf>]
<descriptivos-renca_files/figure-latex/arraigo-1.pdf, id=217, 722.7pt x 578.16p
t>
File: descriptivos-renca_files/figure-latex/arraigo-1.pdf Graphic file (type pd
f)
<use descriptivos-renca_files/figure-latex/arraigo-1.pdf>
Package pdftex.def Info: descriptivos-renca_files/figure-latex/arraigo-1.pdf  u
sed on input line 339.
(pdftex.def)             Requested size: 469.76045pt x 375.80836pt.

LaTeX Warning: Reference `fig:participacion' on page 13 undefined on input line
 347.

<descriptivos-renca_files/figure-latex/participacion2-1.pdf, id=218, 722.7pt x 
578.16pt>
File: descriptivos-renca_files/figure-latex/participacion2-1.pdf Graphic file (
type pdf)
<use descriptivos-renca_files/figure-latex/participacion2-1.pdf>
Package pdftex.def Info: descriptivos-renca_files/figure-latex/participacion2-1
.pdf  used on input line 362.
(pdftex.def)             Requested size: 469.76045pt x 375.80836pt.

LaTeX Warning: Reference `fig:prticipacion.elsco' on page 13 undefined on input
 line 368.

[13 <./descriptivos-renca_files/figure-latex/arraigo-1.pdf>] [14 <./descriptivo
s-renca_files/figure-latex/participacion2-1.pdf>]
<descriptivos-renca_files/figure-latex/participacion.elsoc-1.pdf, id=241, 722.7
pt x 578.16pt>
File: descriptivos-renca_files/figure-latex/participacion.elsoc-1.pdf Graphic f
ile (type pdf)
<use descriptivos-renca_files/figure-latex/participacion.elsoc-1.pdf>
Package pdftex.def Info: descriptivos-renca_files/figure-latex/participacion.el
soc-1.pdf  used on input line 379.
(pdftex.def)             Requested size: 469.76045pt x 375.80836pt.

LaTeX Warning: Reference `fig:act_cvica' on page 15 undefined on input line 387
.

<descriptivos-renca_files/figure-latex/actividad-civica-1.pdf, id=242, 722.7pt 
x 578.16pt>
File: descriptivos-renca_files/figure-latex/actividad-civica-1.pdf Graphic file
 (type pdf)
<use descriptivos-renca_files/figure-latex/actividad-civica-1.pdf>
Package pdftex.def Info: descriptivos-renca_files/figure-latex/actividad-civica
-1.pdf  used on input line 395.
(pdftex.def)             Requested size: 469.76045pt x 375.80836pt.
[15 <./descriptivos-renca_files/figure-latex/participacion.elsoc-1.pdf>] [16 <.
/descriptivos-renca_files/figure-latex/actividad-civica-1.pdf>]
<descriptivos-renca_files/figure-latex/nuevos-residentes-1.pdf, id=267, 722.7pt
 x 578.16pt>
File: descriptivos-renca_files/figure-latex/nuevos-residentes-1.pdf Graphic fil
e (type pdf)
<use descriptivos-renca_files/figure-latex/nuevos-residentes-1.pdf>
Package pdftex.def Info: descriptivos-renca_files/figure-latex/nuevos-residente
s-1.pdf  used on input line 423.
(pdftex.def)             Requested size: 469.76045pt x 375.80836pt.
<descriptivos-renca_files/figure-latex/just-viol-1.pdf, id=269, 722.7pt x 578.1
6pt>
File: descriptivos-renca_files/figure-latex/just-viol-1.pdf Graphic file (type 
pdf)
<use descriptivos-renca_files/figure-latex/just-viol-1.pdf>
Package pdftex.def Info: descriptivos-renca_files/figure-latex/just-viol-1.pdf 
 used on input line 446.
(pdftex.def)             Requested size: 469.76045pt x 375.80836pt.
[17 <./descriptivos-renca_files/figure-latex/nuevos-residentes-1.pdf>] [18 <./d
escriptivos-renca_files/figure-latex/just-viol-1.pdf>]
<descriptivos-renca_files/figure-latex/medio-inform-1.pdf, id=292, 722.7pt x 57
8.16pt>
File: descriptivos-renca_files/figure-latex/medio-inform-1.pdf Graphic file (ty
pe pdf)
<use descriptivos-renca_files/figure-latex/medio-inform-1.pdf>
Package pdftex.def Info: descriptivos-renca_files/figure-latex/medio-inform-1.p
df  used on input line 472.
(pdftex.def)             Requested size: 469.76045pt x 375.80836pt.

LaTeX Warning: Reference `fig:concimiento_medios' on page 19 undefined on input
 line 477.

<descriptivos-renca_files/figure-latex/conoce-medios-1.pdf, id=293, 722.7pt x 5
78.16pt>
File: descriptivos-renca_files/figure-latex/conoce-medios-1.pdf Graphic file (t
ype pdf)
<use descriptivos-renca_files/figure-latex/conoce-medios-1.pdf>
Package pdftex.def Info: descriptivos-renca_files/figure-latex/conoce-medios-1.
pdf  used on input line 489.
(pdftex.def)             Requested size: 469.76045pt x 375.80836pt.
[19 <./descriptivos-renca_files/figure-latex/medio-inform-1.pdf>] [20 <./descri
ptivos-renca_files/figure-latex/conoce-medios-1.pdf>]
<descriptivos-renca_files/figure-latex/conoce-infra-1.pdf, id=318, 722.7pt x 57
8.16pt>
File: descriptivos-renca_files/figure-latex/conoce-infra-1.pdf Graphic file (ty
pe pdf)
<use descriptivos-renca_files/figure-latex/conoce-infra-1.pdf>
Package pdftex.def Info: descriptivos-renca_files/figure-latex/conoce-infra-1.p
df  used on input line 513.
(pdftex.def)             Requested size: 469.76045pt x 375.80836pt.
<descriptivos-renca_files/figure-latex/nota-infra-1.pdf, id=320, 722.7pt x 578.
16pt>
File: descriptivos-renca_files/figure-latex/nota-infra-1.pdf Graphic file (type
 pdf)
<use descriptivos-renca_files/figure-latex/nota-infra-1.pdf>
Package pdftex.def Info: descriptivos-renca_files/figure-latex/nota-infra-1.pdf
  used on input line 530.
(pdftex.def)             Requested size: 469.76045pt x 375.80836pt.
[21 <./descriptivos-renca_files/figure-latex/conoce-infra-1.pdf>] [22 <./descri
ptivos-renca_files/figure-latex/nota-infra-1.pdf>]
<descriptivos-renca_files/figure-latex/conoce-programas-1.pdf, id=343, 722.7pt 
x 578.16pt>
File: descriptivos-renca_files/figure-latex/conoce-programas-1.pdf Graphic file
 (type pdf)
<use descriptivos-renca_files/figure-latex/conoce-programas-1.pdf>
Package pdftex.def Info: descriptivos-renca_files/figure-latex/conoce-programas
-1.pdf  used on input line 553.
(pdftex.def)             Requested size: 469.76045pt x 375.80836pt.
<descriptivos-renca_files/figure-latex/nota-programas-1.pdf, id=345, 722.7pt x 
578.16pt>
File: descriptivos-renca_files/figure-latex/nota-programas-1.pdf Graphic file (
type pdf)
<use descriptivos-renca_files/figure-latex/nota-programas-1.pdf>
Package pdftex.def Info: descriptivos-renca_files/figure-latex/nota-programas-1
.pdf  used on input line 569.
(pdftex.def)             Requested size: 469.76045pt x 375.80836pt.
<descriptivos-renca_files/figure-latex/conoc-alc-1.pdf, id=347, 722.7pt x 578.1
6pt>
File: descriptivos-renca_files/figure-latex/conoc-alc-1.pdf Graphic file (type 
pdf)
<use descriptivos-renca_files/figure-latex/conoc-alc-1.pdf>
Package pdftex.def Info: descriptivos-renca_files/figure-latex/conoc-alc-1.pdf 
 used on input line 584.
(pdftex.def)             Requested size: 469.76045pt x 375.80836pt.
<descriptivos-renca_files/figure-latex/conoce-consej-1.pdf, id=349, 722.7pt x 5
78.16pt>
File: descriptivos-renca_files/figure-latex/conoce-consej-1.pdf Graphic file (t
ype pdf)
<use descriptivos-renca_files/figure-latex/conoce-consej-1.pdf>
Package pdftex.def Info: descriptivos-renca_files/figure-latex/conoce-consej-1.
pdf  used on input line 596.
(pdftex.def)             Requested size: 469.76045pt x 375.80836pt.
[23 <./descriptivos-renca_files/figure-latex/conoce-programas-1.pdf>] [24 <./de
scriptivos-renca_files/figure-latex/nota-programas-1.pdf>] [25 <./descriptivos-
renca_files/figure-latex/conoc-alc-1.pdf>]
<descriptivos-renca_files/figure-latex/eval-gest-1.pdf, id=383, 722.7pt x 578.1
6pt>
File: descriptivos-renca_files/figure-latex/eval-gest-1.pdf Graphic file (type 
pdf)
<use descriptivos-renca_files/figure-latex/eval-gest-1.pdf>
Package pdftex.def Info: descriptivos-renca_files/figure-latex/eval-gest-1.pdf 
 used on input line 626.
(pdftex.def)             Requested size: 469.76045pt x 375.80836pt.
[26 <./descriptivos-renca_files/figure-latex/conoce-consej-1.pdf>] [27 <./descr
iptivos-renca_files/figure-latex/eval-gest-1.pdf>]
<descriptivos-renca_files/figure-latex/nota-barrio-1-1.pdf, id=407, 722.7pt x 5
78.16pt>
File: descriptivos-renca_files/figure-latex/nota-barrio-1-1.pdf Graphic file (t
ype pdf)
<use descriptivos-renca_files/figure-latex/nota-barrio-1-1.pdf>
Package pdftex.def Info: descriptivos-renca_files/figure-latex/nota-barrio-1-1.
pdf  used on input line 645.
(pdftex.def)             Requested size: 469.76045pt x 375.80836pt.
<descriptivos-renca_files/figure-latex/nota-barrio2-1.pdf, id=409, 722.7pt x 57
8.16pt>
File: descriptivos-renca_files/figure-latex/nota-barrio2-1.pdf Graphic file (ty
pe pdf)
<use descriptivos-renca_files/figure-latex/nota-barrio2-1.pdf>
Package pdftex.def Info: descriptivos-renca_files/figure-latex/nota-barrio2-1.p
df  used on input line 664.
(pdftex.def)             Requested size: 469.76045pt x 375.80836pt.
[28 <./descriptivos-renca_files/figure-latex/nota-barrio-1-1.pdf>] [29 <./descr
iptivos-renca_files/figure-latex/nota-barrio2-1.pdf>]
<descriptivos-renca_files/figure-latex/eval-servicios-1.pdf, id=434, 722.7pt x 
578.16pt>
File: descriptivos-renca_files/figure-latex/eval-servicios-1.pdf Graphic file (
type pdf)
<use descriptivos-renca_files/figure-latex/eval-servicios-1.pdf>
Package pdftex.def Info: descriptivos-renca_files/figure-latex/eval-servicios-1
.pdf  used on input line 686.
(pdftex.def)             Requested size: 469.76045pt x 375.80836pt.
<descriptivos-renca_files/figure-latex/fortalezas-1.pdf, id=436, 722.7pt x 578.
16pt>
File: descriptivos-renca_files/figure-latex/fortalezas-1.pdf Graphic file (type
 pdf)
<use descriptivos-renca_files/figure-latex/fortalezas-1.pdf>
Package pdftex.def Info: descriptivos-renca_files/figure-latex/fortalezas-1.pdf
  used on input line 714.
(pdftex.def)             Requested size: 469.76045pt x 375.80836pt.
<descriptivos-renca_files/figure-latex/proyec-tres-1.pdf, id=437, 722.7pt x 578
.16pt>
File: descriptivos-renca_files/figure-latex/proyec-tres-1.pdf Graphic file (typ
e pdf)
<use descriptivos-renca_files/figure-latex/proyec-tres-1.pdf>
Package pdftex.def Info: descriptivos-renca_files/figure-latex/proyec-tres-1.pd
f  used on input line 722.
(pdftex.def)             Requested size: 469.76045pt x 375.80836pt.
[30 <./descriptivos-renca_files/figure-latex/eval-servicios-1.pdf>] [31 <./desc
riptivos-renca_files/figure-latex/fortalezas-1.pdf>]
<descriptivos-renca_files/figure-latex/tres-problemas-1.pdf, id=461, 722.7pt x 
578.16pt>
File: descriptivos-renca_files/figure-latex/tres-problemas-1.pdf Graphic file (
type pdf)
<use descriptivos-renca_files/figure-latex/tres-problemas-1.pdf>
Package pdftex.def Info: descriptivos-renca_files/figure-latex/tres-problemas-1
.pdf  used on input line 727.
(pdftex.def)             Requested size: 469.76045pt x 375.80836pt.
[32 <./descriptivos-renca_files/figure-latex/proyec-tres-1.pdf>]
<descriptivos-renca_files/figure-latex/rep-barrial-1.pdf, id=472, 722.7pt x 578
.16pt>
File: descriptivos-renca_files/figure-latex/rep-barrial-1.pdf Graphic file (typ
e pdf)
<use descriptivos-renca_files/figure-latex/rep-barrial-1.pdf>
Package pdftex.def Info: descriptivos-renca_files/figure-latex/rep-barrial-1.pd
f  used on input line 735.
(pdftex.def)             Requested size: 469.76045pt x 375.80836pt.
[33 <./descriptivos-renca_files/figure-latex/tres-problemas-1.pdf>]
<descriptivos-renca_files/figure-latex/segu-barrial-1.pdf, id=483, 722.7pt x 57
8.16pt>
File: descriptivos-renca_files/figure-latex/segu-barrial-1.pdf Graphic file (ty
pe pdf)
<use descriptivos-renca_files/figure-latex/segu-barrial-1.pdf>
Package pdftex.def Info: descriptivos-renca_files/figure-latex/segu-barrial-1.p
df  used on input line 740.
(pdftex.def)             Requested size: 469.76045pt x 375.80836pt.
[34 <./descriptivos-renca_files/figure-latex/rep-barrial-1.pdf>]
<descriptivos-renca_files/figure-latex/segu-barrio2-1.pdf, id=495, 722.7pt x 57
8.16pt>
File: descriptivos-renca_files/figure-latex/segu-barrio2-1.pdf Graphic file (ty
pe pdf)
<use descriptivos-renca_files/figure-latex/segu-barrio2-1.pdf>
Package pdftex.def Info: descriptivos-renca_files/figure-latex/segu-barrio2-1.p
df  used on input line 742.
(pdftex.def)             Requested size: 469.76045pt x 375.80836pt.
[35 <./descriptivos-renca_files/figure-latex/segu-barrial-1.pdf>]
<descriptivos-renca_files/figure-latex/miedo.barrio-1.pdf, id=505, 722.7pt x 57
8.16pt>
File: descriptivos-renca_files/figure-latex/miedo.barrio-1.pdf Graphic file (ty
pe pdf)
<use descriptivos-renca_files/figure-latex/miedo.barrio-1.pdf>
Package pdftex.def Info: descriptivos-renca_files/figure-latex/miedo.barrio-1.p
df  used on input line 744.
(pdftex.def)             Requested size: 469.76045pt x 375.80836pt.
[36 <./descriptivos-renca_files/figure-latex/segu-barrio2-1.pdf>]
<descriptivos-renca_files/figure-latex/crimen-barrio-1.pdf, id=515, 722.7pt x 5
78.16pt>
File: descriptivos-renca_files/figure-latex/crimen-barrio-1.pdf Graphic file (t
ype pdf)
<use descriptivos-renca_files/figure-latex/crimen-barrio-1.pdf>
Package pdftex.def Info: descriptivos-renca_files/figure-latex/crimen-barrio-1.
pdf  used on input line 746.
(pdftex.def)             Requested size: 469.76045pt x 375.80836pt.
[37 <./descriptivos-renca_files/figure-latex/miedo.barrio-1.pdf>]
<descriptivos-renca_files/figure-latex/sexo-1.pdf, id=526, 722.7pt x 578.16pt>
File: descriptivos-renca_files/figure-latex/sexo-1.pdf Graphic file (type pdf)
<use descriptivos-renca_files/figure-latex/sexo-1.pdf>
Package pdftex.def Info: descriptivos-renca_files/figure-latex/sexo-1.pdf  used
 on input line 752.
(pdftex.def)             Requested size: 469.76045pt x 375.80836pt.
[38 <./descriptivos-renca_files/figure-latex/crimen-barrio-1.pdf>]
<descriptivos-renca_files/figure-latex/edad-1.pdf, id=537, 722.7pt x 578.16pt>
File: descriptivos-renca_files/figure-latex/edad-1.pdf Graphic file (type pdf)
<use descriptivos-renca_files/figure-latex/edad-1.pdf>
Package pdftex.def Info: descriptivos-renca_files/figure-latex/edad-1.pdf  used
 on input line 754.
(pdftex.def)             Requested size: 469.76045pt x 375.80836pt.
[39 <./descriptivos-renca_files/figure-latex/sexo-1.pdf>]
<descriptivos-renca_files/figure-latex/nacionalidad-1.pdf, id=547, 722.7pt x 57
8.16pt>
File: descriptivos-renca_files/figure-latex/nacionalidad-1.pdf Graphic file (ty
pe pdf)
<use descriptivos-renca_files/figure-latex/nacionalidad-1.pdf>
Package pdftex.def Info: descriptivos-renca_files/figure-latex/nacionalidad-1.p
df  used on input line 756.
(pdftex.def)             Requested size: 469.76045pt x 375.80836pt.
[40 <./descriptivos-renca_files/figure-latex/edad-1.pdf>]
<descriptivos-renca_files/figure-latex/pueblo-orig-1.pdf, id=557, 722.7pt x 578
.16pt>
File: descriptivos-renca_files/figure-latex/pueblo-orig-1.pdf Graphic file (typ
e pdf)
<use descriptivos-renca_files/figure-latex/pueblo-orig-1.pdf>
Package pdftex.def Info: descriptivos-renca_files/figure-latex/pueblo-orig-1.pd
f  used on input line 758.
(pdftex.def)             Requested size: 469.76045pt x 375.80836pt.
[41 <./descriptivos-renca_files/figure-latex/nacionalidad-1.pdf>]
<descriptivos-renca_files/figure-latex/anos-comuna-1.pdf, id=567, 722.7pt x 578
.16pt>
File: descriptivos-renca_files/figure-latex/anos-comuna-1.pdf Graphic file (typ
e pdf)
<use descriptivos-renca_files/figure-latex/anos-comuna-1.pdf>
Package pdftex.def Info: descriptivos-renca_files/figure-latex/anos-comuna-1.pd
f  used on input line 760.
(pdftex.def)             Requested size: 469.76045pt x 375.80836pt.
[42 <./descriptivos-renca_files/figure-latex/pueblo-orig-1.pdf>]
<descriptivos-renca_files/figure-latex/educacion-1.pdf, id=577, 722.7pt x 578.1
6pt>
File: descriptivos-renca_files/figure-latex/educacion-1.pdf Graphic file (type 
pdf)
<use descriptivos-renca_files/figure-latex/educacion-1.pdf>
Package pdftex.def Info: descriptivos-renca_files/figure-latex/educacion-1.pdf 
 used on input line 762.
(pdftex.def)             Requested size: 469.76045pt x 375.80836pt.
[43 <./descriptivos-renca_files/figure-latex/anos-comuna-1.pdf>]
<descriptivos-renca_files/figure-latex/trabajo-1.pdf, id=588, 722.7pt x 578.16p
t>
File: descriptivos-renca_files/figure-latex/trabajo-1.pdf Graphic file (type pd
f)
<use descriptivos-renca_files/figure-latex/trabajo-1.pdf>
Package pdftex.def Info: descriptivos-renca_files/figure-latex/trabajo-1.pdf  u
sed on input line 764.
(pdftex.def)             Requested size: 469.76045pt x 375.80836pt.
[44 <./descriptivos-renca_files/figure-latex/educacion-1.pdf>]
<descriptivos-renca_files/figure-latex/sit-laboral-1.pdf, id=598, 722.7pt x 578
.16pt>
File: descriptivos-renca_files/figure-latex/sit-laboral-1.pdf Graphic file (typ
e pdf)
<use descriptivos-renca_files/figure-latex/sit-laboral-1.pdf>
Package pdftex.def Info: descriptivos-renca_files/figure-latex/sit-laboral-1.pd
f  used on input line 766.
(pdftex.def)             Requested size: 469.76045pt x 375.80836pt.
[45 <./descriptivos-renca_files/figure-latex/trabajo-1.pdf>]
<descriptivos-renca_files/figure-latex/ocupacion-1.pdf, id=608, 722.7pt x 578.1
6pt>
File: descriptivos-renca_files/figure-latex/ocupacion-1.pdf Graphic file (type 
pdf)
<use descriptivos-renca_files/figure-latex/ocupacion-1.pdf>
Package pdftex.def Info: descriptivos-renca_files/figure-latex/ocupacion-1.pdf 
 used on input line 768.
(pdftex.def)             Requested size: 469.76045pt x 375.80836pt.
[46 <./descriptivos-renca_files/figure-latex/sit-laboral-1.pdf>]
<descriptivos-renca_files/figure-latex/sost-hogar-1.pdf, id=618, 722.7pt x 578.
16pt>
File: descriptivos-renca_files/figure-latex/sost-hogar-1.pdf Graphic file (type
 pdf)
<use descriptivos-renca_files/figure-latex/sost-hogar-1.pdf>
Package pdftex.def Info: descriptivos-renca_files/figure-latex/sost-hogar-1.pdf
  used on input line 770.
(pdftex.def)             Requested size: 469.76045pt x 375.80836pt.
[47 <./descriptivos-renca_files/figure-latex/ocupacion-1.pdf>]
<descriptivos-renca_files/figure-latex/educ-jefe-1.pdf, id=628, 722.7pt x 578.1
6pt>
File: descriptivos-renca_files/figure-latex/educ-jefe-1.pdf Graphic file (type 
pdf)
<use descriptivos-renca_files/figure-latex/educ-jefe-1.pdf>
Package pdftex.def Info: descriptivos-renca_files/figure-latex/educ-jefe-1.pdf 
 used on input line 772.
(pdftex.def)             Requested size: 469.76045pt x 375.80836pt.
[48 <./descriptivos-renca_files/figure-latex/sost-hogar-1.pdf>]
<descriptivos-renca_files/figure-latex/trabajo-jefe-1.pdf, id=638, 722.7pt x 57
8.16pt>
File: descriptivos-renca_files/figure-latex/trabajo-jefe-1.pdf Graphic file (ty
pe pdf)
<use descriptivos-renca_files/figure-latex/trabajo-jefe-1.pdf>
Package pdftex.def Info: descriptivos-renca_files/figure-latex/trabajo-jefe-1.p
df  used on input line 774.
(pdftex.def)             Requested size: 469.76045pt x 375.80836pt.
[49 <./descriptivos-renca_files/figure-latex/educ-jefe-1.pdf>]
<descriptivos-renca_files/figure-latex/ingresos-1.pdf, id=649, 722.7pt x 578.16
pt>
File: descriptivos-renca_files/figure-latex/ingresos-1.pdf Graphic file (type p
df)
<use descriptivos-renca_files/figure-latex/ingresos-1.pdf>
Package pdftex.def Info: descriptivos-renca_files/figure-latex/ingresos-1.pdf  
used on input line 776.
(pdftex.def)             Requested size: 469.76045pt x 375.80836pt.
[50 <./descriptivos-renca_files/figure-latex/trabajo-jefe-1.pdf>] [51 <./descri
ptivos-renca_files/figure-latex/ingresos-1.pdf>] (descriptivos-renca.aux)

LaTeX Warning: There were undefined references.


LaTeX Warning: There were multiply-defined labels.

 ) 
Here is how much of TeX's memory you used:
 15537 strings out of 475389
 271987 string characters out of 2777000
 628516 words of memory out of 3000000
 36357 multiletter control sequences out of 15000+600000
 520161 words of font info for 127 fonts, out of 8000000 for 9000
 1141 hyphenation exceptions out of 8191
 74i,6n,81p,1017b,522s stack positions out of 10000i,1000n,20000p,200000b,80000s
{C:/Users/aigon/AppData/Local/Programs/MiKTeX/fonts/enc/dvips/lm/lm-ts1.enc}{
C:/Users/aigon/AppData/Local/Programs/MiKTeX/fonts/enc/dvips/lm/lm-ec.enc}<C:/U
sers/aigon/AppData/Local/Programs/MiKTeX/fonts/type1/public/lm/lmbx10.pfb><C:/U
sers/aigon/AppData/Local/Programs/MiKTeX/fonts/type1/public/lm/lmbx12.pfb><C:/U
sers/aigon/AppData/Local/Programs/MiKTeX/fonts/type1/public/lm/lmr10.pfb><C:/Us
ers/aigon/AppData/Local/Programs/MiKTeX/fonts/type1/public/lm/lmr12.pfb><C:/Use
rs/aigon/AppData/Local/Programs/MiKTeX/fonts/type1/public/lm/lmr17.pfb><C:/User
s/aigon/AppData/Local/Programs/MiKTeX/fonts/type1/public/lm/lmtt10.pfb>
Output written on descriptivos-renca.pdf (51 pages, 695477 bytes).
PDF statistics:
 835 PDF objects out of 1000 (max. 8388607)
 149 named destinations out of 1000 (max. 500000)
 29195 words of extra memory for PDF output out of 29859 (max. 10000000)

